stu 27, 2018 10:31:49 PM org.apache.catalina.core.AprLifecycleListener init
INFO: The APR based Apache Tomcat Native library which allows optimal performance in production environments was not found on the java.library.path: C:\Program Files\Java\jdk1.8.0_40\jre\bin;C:\WINDOWS\Sun\Java\bin;C:\WINDOWS\system32;C:\WINDOWS;C:/Program Files (x86)/Java/jre1.8.0_161/bin/client;C:/Program Files (x86)/Java/jre1.8.0_161/bin;C:/Program Files (x86)/Java/jre1.8.0_161/lib/i386;C:\Program Files\Broadcom\Broadcom 802.11 Network Adapter;C:\app\acer_pc\virtual\product\12.2.0\dbhome_1\bin;C:\ProgramData\Oracle\Java\javapath;C:\WINDOWS\system32;C:\WINDOWS;C:\WINDOWS\System32\Wbem;C:\WINDOWS\System32\WindowsPowerShell\v1.0\;C:\Program Files\MySQL\MySQL Enterprise Backup 3.12\;C:\Program Files (x86)\MySQL\MySQL Fabric 1.5.4 & MySQL Utilities 1.5.4 1.5\;C:\Program Files (x86)\MySQL\MySQL Fabric 1.5.4 & MySQL Utilities 1.5.4 1.5\Doctrine extensions for PHP\;C:\Program Files (x86)\Windows Live\Shared;C:\Program Files (x86)\Common Files\Autodesk Shared\;C:\wamp\bin\php\php5.5.12;C:\ProgramData\ComposerSetup\bin;C:\WINDOWS\system32\config\systemprofile\.dnx\bin;C:\Program Files\Microsoft DNX\Dnvm\;C:\Program Files\Microsoft SQL Server\120\Tools\Binn\;C:\Program Files\Microsoft SQL Server\130\Tools\Binn\;C:\Program Files (x86)\Skype\Phone\;C:\Program Files\MATLAB\R2017a\runtime\win64;C:\Program Files\MATLAB\R2017a\bin;C:\Program Files (x86)\QuickTime\QTSystem\;C:\WINDOWS\System32\OpenSSH\;C:\Program Files\Apache Software Foundation\apache-maven-3.6.0\bin;C:\Program Files\Java\jdk-11.0.1\bin;C:\Ruby25-x64\bin;C:\Users\acer_pc\AppData\Roaming\Composer\vendor\bin;C:\Users\acer_pc\AppData\Local\Microsoft\WindowsApps;;C:\altera\13.0sp1\modelsim_ase\win32aloem;C:\Program Files (x86)\eclipse-jee-oxygen-2-win32\eclipse;;.
stu 27, 2018 10:31:50 PM org.apache.coyote.AbstractProtocol init
INFO: Initializing ProtocolHandler ["http-bio-8080"]
stu 27, 2018 10:31:50 PM org.apache.coyote.AbstractProtocol init
INFO: Initializing ProtocolHandler ["ajp-bio-8009"]
stu 27, 2018 10:31:52 PM org.apache.openejb.util.OptionsLog info
INFO: Using 'tomee.remote.support=true'
stu 27, 2018 10:31:52 PM org.apache.openejb.util.OptionsLog info
INFO: Using 'openejb.jdbc.datasource-creator=org.apache.tomee.jdbc.TomEEDataSourceCreator'
stu 27, 2018 10:31:52 PM org.apache.openejb.OpenEJB$Instance <init>
INFO: ********************************************************************************
stu 27, 2018 10:31:52 PM org.apache.openejb.OpenEJB$Instance <init>
INFO: OpenEJB http://openejb.apache.org/
stu 27, 2018 10:31:52 PM org.apache.openejb.OpenEJB$Instance <init>
INFO: Startup: Tue Nov 27 22:31:52 CET 2018
stu 27, 2018 10:31:52 PM org.apache.openejb.OpenEJB$Instance <init>
INFO: Copyright 1999-2013 (C) Apache OpenEJB Project, All Rights Reserved.
stu 27, 2018 10:31:52 PM org.apache.openejb.OpenEJB$Instance <init>
INFO: Version: 4.7.1
stu 27, 2018 10:31:52 PM org.apache.openejb.OpenEJB$Instance <init>
INFO: Build date: 20140912
stu 27, 2018 10:31:52 PM org.apache.openejb.OpenEJB$Instance <init>
INFO: Build time: 01:43
stu 27, 2018 10:31:52 PM org.apache.openejb.OpenEJB$Instance <init>
INFO: ********************************************************************************
stu 27, 2018 10:31:52 PM org.apache.openejb.OpenEJB$Instance <init>
INFO: openejb.home = C:\Users\acer_pc\workspace\FormularProject\target\apache-tomee
stu 27, 2018 10:31:52 PM org.apache.openejb.OpenEJB$Instance <init>
INFO: openejb.base = C:\Users\acer_pc\workspace\FormularProject\target\apache-tomee
stu 27, 2018 10:31:52 PM org.apache.openejb.cdi.CdiBuilder initializeOWB
INFO: Created new singletonService org.apache.openejb.cdi.ThreadSingletonServiceImpl@23a5fd2
stu 27, 2018 10:31:52 PM org.apache.openejb.cdi.CdiBuilder initializeOWB
INFO: Succeeded in installing singleton service
stu 27, 2018 10:31:52 PM org.apache.openejb.config.ConfigurationFactory init
INFO: openejb configuration file is 'C:\Users\acer_pc\workspace\FormularProject\target\apache-tomee\conf\tomee.xml'
stu 27, 2018 10:31:53 PM org.apache.openejb.config.ConfigurationFactory configureService
INFO: Configuring Service(id=Tomcat Security Service, type=SecurityService, provider-id=Tomcat Security Service)
stu 27, 2018 10:31:53 PM org.apache.openejb.config.ConfigurationFactory configureService
INFO: Configuring Service(id=Default Transaction Manager, type=TransactionManager, provider-id=Default Transaction Manager)
stu 27, 2018 10:31:53 PM org.apache.openejb.util.OptionsLog info
INFO: Using 'openejb.system.apps=false'
stu 27, 2018 10:31:53 PM org.apache.openejb.util.OptionsLog info
INFO: Using 'openejb.deployments.classpath=false'
stu 27, 2018 10:31:53 PM org.apache.openejb.assembler.classic.Assembler createRecipe
INFO: Creating TransactionManager(id=Default Transaction Manager)
stu 27, 2018 10:31:53 PM org.apache.openejb.assembler.classic.Assembler createRecipe
INFO: Creating SecurityService(id=Tomcat Security Service)
stu 27, 2018 10:31:53 PM org.apache.openejb.server.ServiceManager initServer
INFO: Creating ServerService(id=cxf)
stu 27, 2018 10:31:53 PM org.apache.openejb.server.ServiceManager initServer
INFO: Creating ServerService(id=cxf-rs)
stu 27, 2018 10:31:53 PM org.apache.openejb.server.SimpleServiceManager start
INFO:   ** Bound Services **
stu 27, 2018 10:31:54 PM org.apache.openejb.server.SimpleServiceManager printRow
INFO:   NAME                 IP              PORT  
stu 27, 2018 10:31:54 PM org.apache.openejb.server.SimpleServiceManager start
INFO: -------
stu 27, 2018 10:31:54 PM org.apache.openejb.server.SimpleServiceManager start
INFO: Ready!
stu 27, 2018 10:31:54 PM org.apache.catalina.startup.Catalina load
INFO: Initialization processed in 5001 ms
stu 27, 2018 10:31:54 PM org.apache.tomee.catalina.OpenEJBNamingContextListener bindResource
INFO: Importing a Tomcat Resource with id 'UserDatabase' of type 'org.apache.catalina.UserDatabase'.
stu 27, 2018 10:31:54 PM org.apache.openejb.assembler.classic.Assembler createRecipe
INFO: Creating Resource(id=UserDatabase)
stu 27, 2018 10:31:54 PM org.apache.catalina.core.StandardService startInternal
INFO: Starting service Catalina
stu 27, 2018 10:31:54 PM org.apache.catalina.core.StandardEngine startInternal
INFO: Starting Servlet Engine: Apache Tomcat (TomEE)/7.0.55 (1.7.1)
stu 27, 2018 10:31:54 PM org.apache.catalina.startup.HostConfig deployWAR
INFO: Deploying web application archive C:\Users\acer_pc\workspace\FormularProject\target\apache-tomee\webapps\FormularProject.war
stu 27, 2018 10:31:54 PM org.apache.tomee.catalina.TomcatWebAppBuilder init
INFO: ------------------------- localhost -> /FormularProject
stu 27, 2018 10:31:54 PM org.apache.openejb.util.JarExtractor extract
INFO: Extracting jar: C:\Users\acer_pc\workspace\FormularProject\target\apache-tomee\webapps\FormularProject.war
stu 27, 2018 10:31:54 PM org.apache.openejb.util.JarExtractor extract
INFO: Extracted path: C:\Users\acer_pc\workspace\FormularProject\target\apache-tomee\webapps\FormularProject
stu 27, 2018 10:31:54 PM org.apache.openejb.util.OptionsLog info
INFO: Using 'openejb.session.manager=org.apache.tomee.catalina.session.QuickSessionManager'
stu 27, 2018 10:31:54 PM org.apache.openejb.config.ConfigurationFactory configureApplication
INFO: Configuring enterprise application: C:\Users\acer_pc\workspace\FormularProject\target\apache-tomee\webapps\FormularProject
stu 27, 2018 10:31:54 PM org.apache.openejb.config.AppInfoBuilder build
INFO: Enterprise application "C:\Users\acer_pc\workspace\FormularProject\target\apache-tomee\webapps\FormularProject" loaded.
stu 27, 2018 10:31:55 PM org.apache.openejb.assembler.classic.Assembler createApplication
INFO: Assembling app: C:\Users\acer_pc\workspace\FormularProject\target\apache-tomee\webapps\FormularProject
stu 27, 2018 10:31:55 PM org.apache.openejb.cdi.CdiBuilder initSingleton
INFO: Existing thread singleton service in SystemInstance(): org.apache.openejb.cdi.ThreadSingletonServiceImpl@23a5fd2
stu 27, 2018 10:31:55 PM org.apache.openejb.cdi.OpenEJBLifecycle startApplication
INFO: OpenWebBeans Container is starting...
stu 27, 2018 10:31:55 PM org.apache.webbeans.plugins.PluginLoader startUp
INFO: Adding OpenWebBeansPlugin : [CdiPlugin]
stu 27, 2018 10:31:56 PM org.apache.webbeans.plugins.PluginLoader startUp
INFO: Adding OpenWebBeansPlugin : [OpenWebBeansJsfPlugin]
stu 27, 2018 10:31:56 PM org.apache.webbeans.config.BeansDeployer validateInjectionPoints
INFO: All injection points were validated successfully.
stu 27, 2018 10:31:56 PM org.apache.openejb.cdi.OpenEJBLifecycle startApplication
INFO: OpenWebBeans Container has started, it took 240 ms.
stu 27, 2018 10:31:56 PM org.apache.openejb.assembler.classic.Assembler createApplication
INFO: Deployed Application(path=C:\Users\acer_pc\workspace\FormularProject\target\apache-tomee\webapps\FormularProject)
stu 27, 2018 10:31:56 PM org.apache.catalina.startup.HostConfig deployWAR
INFO: Deployment of web application archive C:\Users\acer_pc\workspace\FormularProject\target\apache-tomee\webapps\FormularProject.war has finished in 2,626 ms
stu 27, 2018 10:31:56 PM org.apache.coyote.AbstractProtocol start
INFO: Starting ProtocolHandler ["http-bio-8080"]
stu 27, 2018 10:31:56 PM org.apache.coyote.AbstractProtocol start
INFO: Starting ProtocolHandler ["ajp-bio-8009"]
stu 27, 2018 10:31:56 PM org.apache.catalina.startup.Catalina start
INFO: Server startup in 2834 ms
stu 27, 2018 10:32:49 PM org.hsqldb.persist.Logger logInfoEvent
INFO: checkpointClose start
stu 27, 2018 10:32:50 PM org.hsqldb.persist.Logger logInfoEvent
INFO: checkpointClose end
